<?xml version="1.0" encoding="UTF-8"?>
<!-- Generated by org.testng.reporters.JUnitXMLReporter -->
<testsuite ignored="0" hostname="Saranya" failures="1" tests="1" name="Test" time="3.394" errors="0" timestamp="2024-02-16T22:52:39 IST">
  <testcase classname="TestNGBreakout.TestNGbreakout" name="test1" time="0.0">
    <failure type="java.lang.RuntimeException" message="java.lang.NoClassDefFoundError: org/apache/poi/util/POILogFactory">
      <![CDATA[java.lang.RuntimeException: java.lang.NoClassDefFoundError: org/apache/poi/util/POILogFactory
at java.base/java.util.ArrayList.forEach(ArrayList.java:1511)
Caused by: java.lang.NoClassDefFoundError: org/apache/poi/util/POILogFactory
at org.apache.poi.POIXMLDocumentPart.<clinit>(POIXMLDocumentPart.java:49)
at TestNGBreakout.TestNGbreakout.getDataFromExcel(TestNGbreakout.java:91)
... 25 more
Caused by: java.lang.ClassNotFoundException: org.apache.poi.util.POILogFactory
at java.base/jdk.internal.loader.BuiltinClassLoader.loadClass(BuiltinClassLoader.java:641)
at java.base/jdk.internal.loader.ClassLoaders$AppClassLoader.loadClass(ClassLoaders.java:188)
at java.base/java.lang.ClassLoader.loadClass(ClassLoader.java:525)
... 34 more
... Removed 32 stack frames]]>
    </failure>
  </testcase> <!-- test1 -->
</testsuite> <!-- Test -->
