<?xml version="1.0" encoding="UTF-8"?>
<!-- Generated by org.testng.reporters.JUnitXMLReporter -->
<testsuite ignored="1" hostname="Saranya" failures="1" tests="1" name="Test(failed)" time="0.084" errors="0" timestamp="2024-02-12T22:55:32 IST">
  <testcase classname="TestNGpkg.Assertion_class3" name="test2" time="0.019">
    <failure type="java.lang.AssertionError" message="expected [false] but found [true]">
      <![CDATA[java.lang.AssertionError: expected [false] but found [true]
at TestNGpkg.Assertion_class3.test2(Assertion_class3.java:20)
at java.base/java.util.ArrayList.forEach(ArrayList.java:1511)
... Removed 31 stack frames]]>
    </failure>
  </testcase> <!-- test2 -->
  <testcase classname="TestNGpkg.Assertion_class3" name="test1" time="0.0">
    <ignored/>
  </testcase> <!-- test1 -->
</testsuite> <!-- Test(failed) -->
