<?xml version="1.0" encoding="UTF-8"?>
<testng-results ignored="0" total="1" passed="1" failed="0" skipped="0">
  <reporter-output>
  </reporter-output>
  <suite started-at="2024-02-22T07:55:49 IST" name="Default suite" finished-at="2024-02-22T07:55:52 IST" duration-ms="2913">
    <groups>
    </groups>
    <test started-at="2024-02-22T07:55:49 IST" name="Default test" finished-at="2024-02-22T07:55:52 IST" duration-ms="2913">
      <class name="testcases.Testcases">
        <test-method signature="Login()[pri:0, instance:testcases.Testcases@1af2d44a]" started-at="2024-02-22T07:55:49 IST" name="Login" finished-at="2024-02-22T07:55:52 IST" duration-ms="2884" status="PASS">
          <reporter-output>
          </reporter-output>
        </test-method> <!-- Login -->
      </class> <!-- testcases.Testcases -->
    </test> <!-- Default test -->
  </suite> <!-- Default suite -->
</testng-results>
